<?xml version="1.0" encoding="UTF-8"?>
<testng-results skipped="0" failed="0" ignored="0" total="1" passed="1">
  <reporter-output>
  </reporter-output>
  <suite name="Default suite" duration-ms="48212" started-at="2020-03-04T10:41:53 IST" finished-at="2020-03-04T10:42:41 IST">
    <groups>
    </groups>
    <test name="Default test" duration-ms="48212" started-at="2020-03-04T10:41:53 IST" finished-at="2020-03-04T10:42:41 IST">
      <class name="com.test.DigitalGM">
        <test-method status="PASS" signature="DigitalGM_Test()[pri:0, instance:com.test.DigitalGM@3cef309d]" name="DigitalGM_Test" duration-ms="48154" started-at="2020-03-04T10:41:53 IST" finished-at="2020-03-04T10:42:41 IST">
          <reporter-output>
          </reporter-output>
        </test-method> <!-- DigitalGM_Test -->
      </class> <!-- com.test.DigitalGM -->
    </test> <!-- Default test -->
  </suite> <!-- Default suite -->
</testng-results>
